2026-06-20 08:20:46 [INFO] Date Processed: 2026-06-19 | Records Downloaded: 353 | Errors: None
2026-06-20 08:21:04 [ERROR] Date Processed: 2026-06-20 | Records Downloaded: 0 | Errors: HTTP error 500: Searched Date is not valid.
2026-06-20 08:21:04 [ERROR] Sync loop interrupted due to error. Next run will resume from this date.
2026-06-20 08:21:36 [INFO] =========================================
2026-06-20 08:21:36 [INFO] NEPSE Daily Price Sync V2 Platform Starting
2026-06-20 08:21:36 [INFO] =========================================
2026-06-20 08:21:36 [INFO] Sync Range: 2026-06-20 to 2026-06-20
2026-06-20 08:21:36 [INFO] Politeness Delay: 1.5 seconds
2026-06-20 08:21:47 [INFO] Date Processed: 2026-06-20 | Records Downloaded: 0 | Errors: None (Skipped - No trading data)
2026-06-20 08:21:47 [INFO] =========================================
2026-06-20 08:21:47 [INFO] NEPSE Daily Price Sync V2 Completed Successfully
2026-06-20 08:21:47 [INFO] =========================================
2026-06-20 08:57:04 [INFO] =========================================
2026-06-20 08:57:04 [INFO] NEPSE Daily Price Sync V2 Platform Starting
2026-06-20 08:57:04 [INFO] =========================================
2026-06-20 08:57:04 [INFO] Sync Range: 2026-06-20 to 2026-06-20
2026-06-20 08:57:04 [INFO] Politeness Delay: 1.5 seconds
2026-06-20 08:57:12 [INFO] Date Processed: 2026-06-20 | Records Downloaded: 0 | Errors: None (Skipped - No trading data)
2026-06-20 08:57:12 [INFO] =========================================
2026-06-20 08:57:12 [INFO] NEPSE Daily Price Sync V2 Completed Successfully
2026-06-20 08:57:12 [INFO] =========================================
2026-06-20 09:21:20 [INFO] =========================================
2026-06-20 09:21:20 [INFO] NEPSE Daily Price Sync V2 Platform Starting
2026-06-20 09:21:20 [INFO] =========================================
2026-06-20 09:21:20 [INFO] Update Frequency: daily
2026-06-20 09:21:20 [INFO] Sync Range: 2026-06-20 to 2026-06-20
2026-06-20 09:21:20 [INFO] Politeness Delay: 1.5 seconds
2026-06-20 09:21:31 [INFO] Date Processed: 2026-06-20 | Records Downloaded: 0 | Errors: None (Skipped - No trading data)
2026-06-20 09:21:31 [INFO] =========================================
2026-06-20 09:21:31 [INFO] NEPSE Daily Price Sync V2 Completed Successfully
2026-06-20 09:21:31 [INFO] =========================================
2026-06-20 09:23:39 [INFO] =========================================
2026-06-20 09:23:39 [INFO] NEPSE Daily Price Sync V2 Platform Starting
2026-06-20 09:23:39 [INFO] =========================================
2026-06-20 09:23:39 [INFO] Update Frequency: daily
2026-06-20 09:23:39 [INFO] Sync Range: 2026-06-20 to 2026-06-20
2026-06-20 09:23:39 [INFO] Politeness Delay: 1.5 seconds
2026-06-20 09:23:47 [INFO] Date Processed: 2026-06-20 | Records Downloaded: 0 | Errors: None (Skipped - No trading data)
2026-06-20 09:23:47 [INFO] =========================================
2026-06-20 09:23:47 [INFO] NEPSE Daily Price Sync V2 Completed Successfully
2026-06-20 09:23:47 [INFO] =========================================
