2026-06-20 09:12:06 [INFO] =========================================
2026-06-20 09:12:06 [INFO] NEPSE Floorsheet Sync V1 Starting
2026-06-20 09:12:06 [INFO] =========================================
2026-06-20 09:12:17 [INFO] =========================================
2026-06-20 09:12:17 [INFO] NEPSE Floorsheet Sync V1 Starting
2026-06-20 09:12:17 [INFO] =========================================
2026-06-20 09:12:17 [INFO] Update Frequency: daily
2026-06-20 09:12:17 [INFO] Save Raw JSON: True
2026-06-20 09:12:17 [INFO] Page Size: 100
2026-06-20 09:12:17 [INFO] Test Mode: ENABLED (days: 1)
2026-06-20 09:12:17 [INFO] TEST MODE: Searching backwards for the most recent active trading day...
2026-06-20 09:12:18 [INFO] TEST MODE: Found active trading day: 2026-06-19 (61170 trades).
2026-06-20 09:12:18 [INFO] Target calendar dates to check: ['2026-06-19']
2026-06-20 09:12:18 [INFO] -----------------------------------------
2026-06-20 09:12:18 [INFO] Processing Date: 2026-06-19...
2026-06-20 09:12:18 [INFO]   Page 1: parsed 100 trades. Total pages: 612. Total trades: 61170.
2026-06-20 09:12:18 [INFO]   TEST MODE: Restricting download to page 1 only.
2026-06-20 09:12:18 [INFO] Date: 2026-06-19 | Pages Downloaded: 1 | Trades Downloaded: 100 (Success) | Errors: None
2026-06-20 09:12:18 [INFO] =========================================
2026-06-20 09:12:18 [INFO] NEPSE Floorsheet Sync V1 Completed
2026-06-20 09:12:18 [INFO] =========================================
2026-06-20 09:12:31 [INFO] =========================================
2026-06-20 09:12:31 [INFO] NEPSE Floorsheet Sync V1 Starting
2026-06-20 09:12:31 [INFO] =========================================
2026-06-20 09:12:31 [INFO] Update Frequency: daily
2026-06-20 09:12:31 [INFO] Save Raw JSON: True
2026-06-20 09:12:31 [INFO] Page Size: 100
2026-06-20 09:12:31 [INFO] Test Mode: ENABLED (days: 1)
2026-06-20 09:12:31 [INFO] TEST MODE: Searching backwards for the most recent active trading day...
2026-06-20 09:12:32 [INFO] TEST MODE: Found active trading day: 2026-06-19 (61170 trades).
2026-06-20 09:12:32 [INFO] TEST MODE: Most recent trading day 2026-06-19 is already completed. Skipping download.
2026-06-20 09:12:32 [INFO] =========================================
2026-06-20 09:12:32 [INFO] NEPSE Floorsheet Sync V1 Completed
2026-06-20 09:12:32 [INFO] =========================================
2026-06-20 09:13:56 [INFO] =========================================
2026-06-20 09:13:56 [INFO] NEPSE Floorsheet Sync V1 Starting
2026-06-20 09:13:56 [INFO] =========================================
2026-06-20 09:13:56 [INFO] Update Frequency: daily
2026-06-20 09:13:56 [INFO] Save Raw JSON: True
2026-06-20 09:13:56 [INFO] Page Size: 100
2026-06-20 09:13:56 [INFO] Test Mode: DISABLED
2026-06-20 09:13:56 [INFO] Resuming sync starting from: 2026-06-20
2026-06-20 09:13:56 [INFO] Target calendar dates to check: ['2026-06-20']
2026-06-20 09:13:56 [INFO] -----------------------------------------
2026-06-20 09:13:56 [INFO] Processing Date: 2026-06-20...
2026-06-20 09:13:56 [INFO]   Page 1: parsed 0 trades. Total pages: 0. Total trades: 0.
2026-06-20 09:13:56 [INFO] Date: 2026-06-20 | Pages Downloaded: 1 | Trades Downloaded: 0 (No trading data) | Errors: None
2026-06-20 09:13:56 [INFO] =========================================
2026-06-20 09:13:56 [INFO] NEPSE Floorsheet Sync V1 Completed
2026-06-20 09:13:56 [INFO] =========================================
2026-06-20 09:14:22 [INFO] =========================================
2026-06-20 09:14:22 [INFO] NEPSE Floorsheet Sync V1 Starting
2026-06-20 09:14:22 [INFO] =========================================
2026-06-20 09:14:22 [INFO] Update Frequency: daily
2026-06-20 09:14:22 [INFO] Save Raw JSON: True
2026-06-20 09:14:22 [INFO] Page Size: 100
2026-06-20 09:14:22 [INFO] Test Mode: DISABLED
2026-06-20 09:14:22 [INFO] Resuming sync starting from: 2026-06-19
2026-06-20 09:14:22 [INFO] Target calendar dates to check: ['2026-06-19', '2026-06-20']
2026-06-20 09:14:22 [INFO] -----------------------------------------
2026-06-20 09:14:22 [INFO] Processing Date: 2026-06-19...
2026-06-20 09:14:22 [INFO]   Page 1: parsed 100 trades. Total pages: 612. Total trades: 61170.
2026-06-20 09:14:23 [INFO]   Downloading page 2/612...
2026-06-20 09:14:25 [INFO]   Downloading page 3/612...
2026-06-20 09:14:26 [INFO]   Downloading page 4/612...
2026-06-20 09:14:28 [INFO]   Downloading page 5/612...
2026-06-20 09:14:29 [INFO]   Downloading page 6/612...
2026-06-20 09:14:31 [INFO]   Downloading page 7/612...
2026-06-20 09:14:32 [INFO]   Downloading page 8/612...
2026-06-20 09:14:34 [INFO]   Downloading page 9/612...
2026-06-20 09:14:35 [INFO]   Downloading page 10/612...
2026-06-20 09:14:36 [INFO]   Downloading page 11/612...
2026-06-20 09:14:38 [INFO]   Downloading page 12/612...
2026-06-20 09:14:39 [INFO]   Downloading page 13/612...
2026-06-20 09:14:41 [INFO]   Downloading page 14/612...
2026-06-20 09:14:42 [INFO]   Downloading page 15/612...
2026-06-20 09:14:44 [INFO]   Downloading page 16/612...
2026-06-20 09:14:45 [INFO]   Downloading page 17/612...
2026-06-20 09:14:46 [INFO]   Downloading page 18/612...
2026-06-20 09:14:48 [INFO]   Downloading page 19/612...
2026-06-20 09:14:49 [INFO]   Downloading page 20/612...
2026-06-20 09:14:51 [INFO]   Downloading page 21/612...
2026-06-20 09:14:52 [INFO]   Downloading page 22/612...
2026-06-20 09:14:53 [INFO]   Downloading page 23/612...
2026-06-20 09:14:55 [INFO]   Downloading page 24/612...
2026-06-20 09:14:56 [INFO]   Downloading page 25/612...
2026-06-20 09:14:58 [INFO]   Downloading page 26/612...
2026-06-20 09:14:59 [INFO]   Downloading page 27/612...
2026-06-20 09:15:01 [INFO]   Downloading page 28/612...
2026-06-20 09:15:02 [INFO]   Downloading page 29/612...
2026-06-20 09:15:03 [INFO]   Downloading page 30/612...
2026-06-20 09:15:05 [INFO]   Downloading page 31/612...
2026-06-20 09:15:06 [INFO]   Downloading page 32/612...
2026-06-20 09:15:07 [INFO]   Downloading page 33/612...
2026-06-20 09:15:09 [INFO]   Downloading page 34/612...
2026-06-20 09:15:11 [INFO]   Downloading page 35/612...
2026-06-20 09:15:12 [INFO]   Downloading page 36/612...
2026-06-20 09:15:14 [INFO]   Downloading page 37/612...
2026-06-20 09:15:15 [INFO]   Downloading page 38/612...
2026-06-20 09:15:17 [INFO]   Downloading page 39/612...
2026-06-20 09:15:18 [INFO]   Downloading page 40/612...
2026-06-20 09:15:19 [INFO]   Downloading page 41/612...
2026-06-20 09:15:21 [INFO]   Downloading page 42/612...
2026-06-20 09:15:22 [INFO]   Downloading page 43/612...
2026-06-20 09:15:24 [INFO]   Downloading page 44/612...
2026-06-20 09:15:25 [INFO]   Downloading page 45/612...
2026-06-20 09:15:27 [INFO]   Downloading page 46/612...
2026-06-20 09:15:28 [INFO]   Downloading page 47/612...
2026-06-20 09:15:30 [INFO]   Downloading page 48/612...
2026-06-20 09:15:31 [INFO]   Downloading page 49/612...
2026-06-20 09:15:32 [INFO]   Downloading page 50/612...
2026-06-20 09:15:34 [INFO]   Downloading page 51/612...
2026-06-20 09:15:35 [INFO]   Downloading page 52/612...
2026-06-20 09:15:37 [INFO]   Downloading page 53/612...
2026-06-20 09:15:38 [INFO]   Downloading page 54/612...
2026-06-20 09:15:40 [INFO]   Downloading page 55/612...
2026-06-20 09:15:41 [INFO]   Downloading page 56/612...
2026-06-20 09:15:43 [INFO]   Downloading page 57/612...
2026-06-20 09:15:44 [INFO]   Downloading page 58/612...
2026-06-20 09:15:46 [INFO]   Downloading page 59/612...
2026-06-20 09:15:47 [INFO]   Downloading page 60/612...
2026-06-20 09:15:48 [INFO]   Downloading page 61/612...
2026-06-20 09:15:50 [INFO]   Downloading page 62/612...
2026-06-20 09:15:51 [INFO]   Downloading page 63/612...
2026-06-20 09:15:52 [INFO]   Downloading page 64/612...
2026-06-20 09:15:54 [INFO]   Downloading page 65/612...
2026-06-20 09:15:55 [INFO]   Downloading page 66/612...
2026-06-20 09:15:57 [INFO]   Downloading page 67/612...
2026-06-20 09:15:58 [INFO]   Downloading page 68/612...
2026-06-20 09:16:00 [INFO]   Downloading page 69/612...
2026-06-20 09:16:01 [INFO]   Downloading page 70/612...
2026-06-20 09:16:02 [INFO]   Downloading page 71/612...
2026-06-20 09:16:04 [INFO]   Downloading page 72/612...
2026-06-20 09:16:05 [INFO]   Downloading page 73/612...
2026-06-20 09:16:07 [INFO]   Downloading page 74/612...
2026-06-20 09:16:08 [INFO]   Downloading page 75/612...
2026-06-20 09:16:10 [INFO]   Downloading page 76/612...
2026-06-20 09:16:11 [INFO]   Downloading page 77/612...
2026-06-20 09:16:12 [INFO]   Downloading page 78/612...
2026-06-20 09:16:14 [INFO]   Downloading page 79/612...
2026-06-20 09:16:15 [INFO]   Downloading page 80/612...
2026-06-20 09:16:17 [INFO]   Downloading page 81/612...
2026-06-20 09:16:18 [INFO]   Downloading page 82/612...
2026-06-20 09:16:20 [INFO]   Downloading page 83/612...
2026-06-20 09:16:21 [INFO]   Downloading page 84/612...
2026-06-20 09:16:22 [INFO]   Downloading page 85/612...
2026-06-20 09:16:24 [INFO]   Downloading page 86/612...
2026-06-20 09:16:25 [INFO]   Downloading page 87/612...
2026-06-20 09:16:27 [INFO]   Downloading page 88/612...
2026-06-20 09:16:28 [INFO]   Downloading page 89/612...
2026-06-20 09:16:30 [INFO]   Downloading page 90/612...
2026-06-20 09:16:31 [INFO]   Downloading page 91/612...
2026-06-20 09:16:33 [INFO]   Downloading page 92/612...
2026-06-20 09:16:34 [INFO]   Downloading page 93/612...
2026-06-20 09:16:36 [INFO]   Downloading page 94/612...
2026-06-20 09:16:37 [INFO]   Downloading page 95/612...
2026-06-20 09:16:39 [INFO]   Downloading page 96/612...
2026-06-20 09:16:40 [INFO]   Downloading page 97/612...
2026-06-20 09:16:41 [INFO]   Downloading page 98/612...
2026-06-20 09:16:43 [INFO]   Downloading page 99/612...
2026-06-20 09:16:44 [INFO]   Downloading page 100/612...
2026-06-20 09:16:46 [INFO]   Downloading page 101/612...
2026-06-20 09:16:47 [INFO]   Downloading page 102/612...
2026-06-20 09:16:48 [INFO]   Downloading page 103/612...
2026-06-20 09:16:50 [INFO]   Downloading page 104/612...
2026-06-20 09:16:51 [INFO]   Downloading page 105/612...
2026-06-20 09:16:53 [INFO]   Downloading page 106/612...
2026-06-20 09:16:54 [INFO]   Downloading page 107/612...
2026-06-20 09:16:56 [INFO]   Downloading page 108/612...
2026-06-20 09:16:57 [INFO]   Downloading page 109/612...
2026-06-20 09:16:58 [INFO]   Downloading page 110/612...
2026-06-20 09:17:00 [INFO]   Downloading page 111/612...
2026-06-20 09:17:01 [INFO]   Downloading page 112/612...
2026-06-20 09:17:03 [INFO]   Downloading page 113/612...
2026-06-20 09:17:04 [INFO]   Downloading page 114/612...
2026-06-20 09:17:06 [INFO]   Downloading page 115/612...
2026-06-20 09:17:07 [INFO]   Downloading page 116/612...
2026-06-20 09:17:08 [INFO]   Downloading page 117/612...
2026-06-20 09:17:10 [INFO]   Downloading page 118/612...
2026-06-20 09:17:11 [INFO]   Downloading page 119/612...
2026-06-20 09:17:13 [INFO]   Downloading page 120/612...
2026-06-20 09:17:14 [INFO]   Downloading page 121/612...
2026-06-20 09:17:16 [INFO]   Downloading page 122/612...
2026-06-20 09:17:17 [INFO]   Downloading page 123/612...
2026-06-20 09:17:19 [INFO]   Downloading page 124/612...
2026-06-20 09:17:20 [INFO]   Downloading page 125/612...
2026-06-20 09:17:21 [INFO]   Downloading page 126/612...
2026-06-20 09:17:23 [INFO]   Downloading page 127/612...
2026-06-20 09:17:24 [INFO]   Downloading page 128/612...
2026-06-20 09:17:26 [INFO]   Downloading page 129/612...
2026-06-20 09:17:27 [INFO]   Downloading page 130/612...
2026-06-20 09:17:29 [INFO]   Downloading page 131/612...
2026-06-20 09:17:30 [INFO]   Downloading page 132/612...
2026-06-20 09:17:32 [INFO]   Downloading page 133/612...
2026-06-20 09:17:33 [INFO]   Downloading page 134/612...
2026-06-20 09:17:35 [INFO]   Downloading page 135/612...
2026-06-20 09:17:36 [INFO]   Downloading page 136/612...
2026-06-20 09:17:38 [INFO]   Downloading page 137/612...
2026-06-20 09:17:39 [INFO]   Downloading page 138/612...
2026-06-20 09:17:40 [INFO]   Downloading page 139/612...
2026-06-20 09:17:42 [INFO]   Downloading page 140/612...
2026-06-20 09:17:43 [INFO]   Downloading page 141/612...
2026-06-20 09:17:45 [INFO]   Downloading page 142/612...
2026-06-20 09:17:46 [INFO]   Downloading page 143/612...
2026-06-20 09:17:48 [INFO]   Downloading page 144/612...
2026-06-20 09:17:49 [INFO]   Downloading page 145/612...
2026-06-20 09:17:50 [INFO]   Downloading page 146/612...
2026-06-20 09:17:52 [INFO]   Downloading page 147/612...
2026-06-20 09:17:53 [INFO]   Downloading page 148/612...
2026-06-20 09:17:55 [INFO]   Downloading page 149/612...
2026-06-20 09:17:56 [INFO]   Downloading page 150/612...
2026-06-20 09:17:57 [INFO]   Downloading page 151/612...
2026-06-20 09:17:59 [INFO]   Downloading page 152/612...
2026-06-20 09:18:00 [INFO]   Downloading page 153/612...
2026-06-20 09:18:02 [INFO]   Downloading page 154/612...
2026-06-20 09:18:03 [INFO]   Downloading page 155/612...
2026-06-20 09:18:05 [INFO]   Downloading page 156/612...
2026-06-20 09:18:06 [INFO]   Downloading page 157/612...
2026-06-20 09:18:08 [INFO]   Downloading page 158/612...
2026-06-20 09:18:09 [INFO]   Downloading page 159/612...
2026-06-20 09:18:10 [INFO]   Downloading page 160/612...
2026-06-20 09:18:12 [INFO]   Downloading page 161/612...
2026-06-20 09:18:13 [INFO]   Downloading page 162/612...
2026-06-20 09:18:15 [INFO]   Downloading page 163/612...
2026-06-20 09:18:17 [INFO]   Downloading page 164/612...
2026-06-20 09:18:18 [INFO]   Downloading page 165/612...
2026-06-20 09:18:20 [INFO]   Downloading page 166/612...
2026-06-20 09:18:21 [INFO]   Downloading page 167/612...
2026-06-20 09:18:23 [INFO]   Downloading page 168/612...
2026-06-20 09:18:24 [INFO]   Downloading page 169/612...
2026-06-20 09:18:26 [INFO]   Downloading page 170/612...
2026-06-20 09:18:27 [INFO]   Downloading page 171/612...
2026-06-20 09:18:29 [INFO]   Downloading page 172/612...
2026-06-20 09:18:30 [INFO]   Downloading page 173/612...
2026-06-20 09:18:31 [INFO]   Downloading page 174/612...
2026-06-20 09:18:33 [INFO]   Downloading page 175/612...
2026-06-20 09:18:35 [INFO]   Downloading page 176/612...
2026-06-20 09:18:36 [INFO]   Downloading page 177/612...
2026-06-20 09:18:37 [INFO]   Downloading page 178/612...
2026-06-20 09:18:39 [INFO]   Downloading page 179/612...
2026-06-20 09:18:40 [INFO]   Downloading page 180/612...
2026-06-20 09:18:42 [INFO]   Downloading page 181/612...
2026-06-20 09:18:43 [INFO]   Downloading page 182/612...
2026-06-20 09:18:45 [INFO]   Downloading page 183/612...
2026-06-20 09:18:46 [INFO]   Downloading page 184/612...
2026-06-20 09:18:47 [INFO]   Downloading page 185/612...
2026-06-20 09:18:49 [INFO]   Downloading page 186/612...
2026-06-20 09:18:50 [INFO]   Downloading page 187/612...
2026-06-20 09:18:52 [INFO]   Downloading page 188/612...
2026-06-20 09:18:53 [INFO]   Downloading page 189/612...
2026-06-20 09:18:54 [INFO]   Downloading page 190/612...
2026-06-20 09:18:56 [INFO]   Downloading page 191/612...
2026-06-20 09:18:57 [INFO]   Downloading page 192/612...
2026-06-20 09:18:59 [INFO]   Downloading page 193/612...
2026-06-20 09:19:00 [INFO]   Downloading page 194/612...
2026-06-20 09:19:02 [INFO]   Downloading page 195/612...
2026-06-20 09:19:03 [INFO]   Downloading page 196/612...
2026-06-20 09:19:04 [INFO]   Downloading page 197/612...
2026-06-20 09:19:06 [INFO]   Downloading page 198/612...
2026-06-20 09:19:07 [INFO]   Downloading page 199/612...
2026-06-20 09:19:09 [INFO]   Downloading page 200/612...
2026-06-20 09:19:10 [INFO]   Downloading page 201/612...
2026-06-20 09:19:12 [INFO]   Downloading page 202/612...
2026-06-20 09:19:13 [INFO]   Downloading page 203/612...
2026-06-20 09:19:15 [INFO]   Downloading page 204/612...
2026-06-20 09:19:16 [INFO]   Downloading page 205/612...
2026-06-20 09:19:18 [INFO]   Downloading page 206/612...
2026-06-20 09:19:19 [INFO]   Downloading page 207/612...
2026-06-20 09:19:20 [INFO]   Downloading page 208/612...
2026-06-20 09:19:22 [INFO]   Downloading page 209/612...
2026-06-20 09:19:23 [INFO]   Downloading page 210/612...
2026-06-20 09:19:25 [INFO]   Downloading page 211/612...
2026-06-20 09:19:26 [INFO]   Downloading page 212/612...
2026-06-20 09:19:28 [INFO]   Downloading page 213/612...
2026-06-20 09:19:29 [INFO]   Downloading page 214/612...
2026-06-20 09:19:30 [INFO]   Downloading page 215/612...
2026-06-20 09:19:32 [INFO]   Downloading page 216/612...
2026-06-20 09:19:33 [INFO]   Downloading page 217/612...
2026-06-20 09:19:35 [INFO]   Downloading page 218/612...
2026-06-20 09:19:36 [INFO]   Downloading page 219/612...
2026-06-20 09:19:38 [INFO]   Downloading page 220/612...
2026-06-20 09:19:39 [INFO]   Downloading page 221/612...
2026-06-20 09:19:41 [INFO]   Downloading page 222/612...
2026-06-20 09:19:42 [INFO]   Downloading page 223/612...
2026-06-20 09:19:44 [INFO]   Downloading page 224/612...
2026-06-20 09:19:45 [INFO]   Downloading page 225/612...
2026-06-20 09:19:47 [INFO]   Downloading page 226/612...
2026-06-20 09:19:48 [INFO]   Downloading page 227/612...
2026-06-20 09:19:50 [INFO]   Downloading page 228/612...
2026-06-20 09:19:51 [INFO]   Downloading page 229/612...
2026-06-20 09:19:52 [INFO]   Downloading page 230/612...
2026-06-20 09:19:54 [INFO]   Downloading page 231/612...
2026-06-20 09:19:55 [INFO]   Downloading page 232/612...
2026-06-20 09:19:57 [INFO]   Downloading page 233/612...
2026-06-20 09:19:58 [INFO]   Downloading page 234/612...
2026-06-20 09:20:00 [INFO]   Downloading page 235/612...
2026-06-20 09:20:02 [INFO]   Downloading page 236/612...
2026-06-20 09:20:03 [INFO]   Downloading page 237/612...
2026-06-20 09:20:05 [INFO]   Downloading page 238/612...
2026-06-20 09:20:06 [INFO]   Downloading page 239/612...
2026-06-20 09:20:07 [INFO]   Downloading page 240/612...
2026-06-20 09:20:09 [INFO]   Downloading page 241/612...
2026-06-20 09:20:10 [INFO]   Downloading page 242/612...
2026-06-20 09:20:12 [INFO]   Downloading page 243/612...
2026-06-20 09:20:15 [INFO]   Downloading page 244/612...
2026-06-20 09:20:17 [INFO]   Downloading page 245/612...
2026-06-20 09:20:18 [INFO]   Downloading page 246/612...
2026-06-20 09:20:20 [INFO]   Downloading page 247/612...
2026-06-20 09:20:21 [INFO]   Downloading page 248/612...
2026-06-20 09:20:22 [INFO]   Downloading page 249/612...
2026-06-20 09:20:24 [INFO]   Downloading page 250/612...
2026-06-20 09:20:25 [INFO]   Downloading page 251/612...
2026-06-20 09:20:27 [INFO]   Downloading page 252/612...
2026-06-20 09:20:29 [INFO]   Downloading page 253/612...
2026-06-20 09:20:30 [INFO]   Downloading page 254/612...
2026-06-20 09:20:32 [INFO]   Downloading page 255/612...
2026-06-20 09:20:33 [INFO]   Downloading page 256/612...
2026-06-20 09:20:34 [INFO]   Downloading page 257/612...
2026-06-20 09:20:36 [INFO]   Downloading page 258/612...
2026-06-20 09:20:37 [INFO]   Downloading page 259/612...
2026-06-20 09:20:39 [INFO]   Downloading page 260/612...
2026-06-20 09:20:40 [INFO]   Downloading page 261/612...
2026-06-20 09:20:42 [INFO]   Downloading page 262/612...
2026-06-20 09:20:43 [INFO]   Downloading page 263/612...
2026-06-20 09:20:45 [INFO]   Downloading page 264/612...
2026-06-20 09:20:46 [INFO]   Downloading page 265/612...
2026-06-20 09:20:48 [INFO]   Downloading page 266/612...
2026-06-20 09:20:49 [INFO]   Downloading page 267/612...
2026-06-20 09:20:51 [INFO]   Downloading page 268/612...
2026-06-20 09:20:52 [INFO]   Downloading page 269/612...
2026-06-20 09:20:54 [INFO]   Downloading page 270/612...
2026-06-20 09:20:55 [INFO]   Downloading page 271/612...
2026-06-20 09:20:56 [INFO]   Downloading page 272/612...
2026-06-20 09:20:58 [INFO]   Downloading page 273/612...
2026-06-20 09:20:59 [INFO]   Downloading page 274/612...
2026-06-20 09:21:01 [INFO]   Downloading page 275/612...
2026-06-20 09:21:02 [INFO]   Downloading page 276/612...
2026-06-20 09:21:04 [INFO]   Downloading page 277/612...
2026-06-20 09:21:05 [INFO]   Downloading page 278/612...
2026-06-20 09:21:07 [INFO]   Downloading page 279/612...
2026-06-20 09:21:08 [INFO]   Downloading page 280/612...
2026-06-20 09:21:10 [INFO]   Downloading page 281/612...
2026-06-20 09:21:13 [INFO]   Downloading page 282/612...
2026-06-20 09:21:14 [INFO]   Downloading page 283/612...
2026-06-20 09:21:16 [INFO]   Downloading page 284/612...
2026-06-20 09:21:17 [INFO]   Downloading page 285/612...
2026-06-20 09:21:19 [INFO]   Downloading page 286/612...
2026-06-20 09:21:20 [INFO]   Downloading page 287/612...
2026-06-20 09:21:21 [INFO]   Downloading page 288/612...
2026-06-20 09:21:23 [INFO]   Downloading page 289/612...
2026-06-20 09:21:25 [INFO]   Downloading page 290/612...
2026-06-20 09:21:28 [INFO]   Downloading page 291/612...
2026-06-20 09:21:29 [INFO]   Downloading page 292/612...
2026-06-20 09:21:31 [INFO]   Downloading page 293/612...
2026-06-20 09:21:32 [INFO]   Downloading page 294/612...
2026-06-20 09:21:33 [INFO]   Downloading page 295/612...
2026-06-20 09:21:35 [INFO]   Downloading page 296/612...
2026-06-20 09:21:36 [INFO]   Downloading page 297/612...
2026-06-20 09:21:38 [INFO]   Downloading page 298/612...
2026-06-20 09:21:40 [INFO]   Downloading page 299/612...
2026-06-20 09:21:42 [INFO]   Downloading page 300/612...
2026-06-20 09:21:44 [INFO]   Downloading page 301/612...
2026-06-20 09:21:45 [INFO]   Downloading page 302/612...
2026-06-20 09:21:47 [INFO]   Downloading page 303/612...
2026-06-20 09:21:48 [INFO]   Downloading page 304/612...
2026-06-20 09:21:50 [INFO]   Downloading page 305/612...
2026-06-20 09:21:52 [INFO]   Downloading page 306/612...
2026-06-20 09:21:53 [INFO]   Downloading page 307/612...
2026-06-20 09:21:56 [INFO]   Downloading page 308/612...
2026-06-20 09:21:58 [INFO]   Downloading page 309/612...
2026-06-20 09:21:59 [INFO]   Downloading page 310/612...
2026-06-20 09:22:01 [INFO]   Downloading page 311/612...
2026-06-20 09:22:03 [INFO]   Downloading page 312/612...
2026-06-20 09:22:04 [INFO]   Downloading page 313/612...
2026-06-20 09:22:06 [INFO]   Downloading page 314/612...
2026-06-20 09:22:08 [INFO]   Downloading page 315/612...
2026-06-20 09:22:09 [INFO]   Downloading page 316/612...
2026-06-20 09:22:11 [INFO]   Downloading page 317/612...
2026-06-20 09:22:12 [INFO]   Downloading page 318/612...
2026-06-20 09:22:14 [INFO]   Downloading page 319/612...
2026-06-20 09:22:16 [INFO]   Downloading page 320/612...
2026-06-20 09:22:17 [INFO]   Downloading page 321/612...
2026-06-20 09:22:19 [INFO]   Downloading page 322/612...
2026-06-20 09:22:20 [INFO]   Downloading page 323/612...
2026-06-20 09:22:22 [INFO]   Downloading page 324/612...
2026-06-20 09:22:23 [INFO]   Downloading page 325/612...
2026-06-20 09:22:25 [INFO]   Downloading page 326/612...
2026-06-20 09:22:27 [INFO]   Downloading page 327/612...
2026-06-20 09:22:28 [INFO]   Downloading page 328/612...
2026-06-20 09:22:30 [INFO]   Downloading page 329/612...
2026-06-20 09:22:32 [INFO]   Downloading page 330/612...
2026-06-20 09:22:33 [INFO]   Downloading page 331/612...
2026-06-20 09:22:35 [INFO]   Downloading page 332/612...
2026-06-20 09:22:36 [INFO]   Downloading page 333/612...
2026-06-20 09:22:38 [INFO]   Downloading page 334/612...
2026-06-20 09:22:39 [INFO] =========================================
2026-06-20 09:22:39 [INFO] NEPSE Floorsheet Sync V1 Starting
2026-06-20 09:22:39 [INFO] =========================================
2026-06-20 09:22:39 [INFO] Update Frequency: daily
2026-06-20 09:22:39 [INFO] Save Raw JSON: True
2026-06-20 09:22:39 [INFO] Page Size: 100
2026-06-20 09:22:39 [INFO] Test Mode: DISABLED
2026-06-20 09:22:39 [INFO] Resuming sync starting from: 2026-06-19
2026-06-20 09:22:39 [INFO] Target calendar dates to check: ['2026-06-19', '2026-06-20']
2026-06-20 09:22:39 [INFO] -----------------------------------------
2026-06-20 09:22:39 [INFO] Processing Date: 2026-06-19...
2026-06-20 09:22:39 [INFO]   Page 1: parsed 100 trades. Total pages: 612. Total trades: 61170.
2026-06-20 09:22:40 [INFO]   Downloading page 335/612...
2026-06-20 09:22:40 [INFO]   Downloading page 2/612...
2026-06-20 09:22:41 [INFO]   Downloading page 336/612...
2026-06-20 09:22:42 [INFO]   Downloading page 3/612...
2026-06-20 09:22:43 [INFO]   Downloading page 337/612...
2026-06-20 09:22:43 [INFO]   Downloading page 4/612...
2026-06-20 09:22:44 [INFO]   Downloading page 338/612...
2026-06-20 09:22:45 [INFO]   Downloading page 5/612...
2026-06-20 09:22:46 [INFO]   Downloading page 339/612...
2026-06-20 09:22:46 [INFO]   Downloading page 6/612...
2026-06-20 09:22:47 [INFO]   Downloading page 340/612...
2026-06-20 09:22:47 [INFO]   Downloading page 7/612...
2026-06-20 09:22:48 [INFO]   Downloading page 341/612...
2026-06-20 09:22:49 [INFO]   Downloading page 8/612...
2026-06-20 09:22:50 [INFO]   Downloading page 342/612...
2026-06-20 09:22:50 [INFO]   Downloading page 9/612...
2026-06-20 09:22:52 [INFO]   Downloading page 10/612...
2026-06-20 09:22:52 [INFO]   Downloading page 343/612...
2026-06-20 09:22:53 [INFO]   Downloading page 11/612...
2026-06-20 09:22:53 [INFO]   Downloading page 344/612...
2026-06-20 09:22:55 [INFO]   Downloading page 345/612...
2026-06-20 09:22:55 [INFO]   Downloading page 12/612...
2026-06-20 09:22:56 [INFO]   Downloading page 346/612...
2026-06-20 09:22:56 [INFO]   Downloading page 13/612...
2026-06-20 09:22:57 [INFO]   Downloading page 347/612...
2026-06-20 09:22:58 [INFO]   Downloading page 14/612...
2026-06-20 09:22:59 [INFO]   Downloading page 348/612...
2026-06-20 09:22:59 [INFO]   Downloading page 15/612...
2026-06-20 09:23:00 [INFO]   Downloading page 16/612...
2026-06-20 09:23:00 [INFO]   Downloading page 349/612...
2026-06-20 09:23:02 [INFO]   Downloading page 350/612...
2026-06-20 09:23:02 [INFO]   Downloading page 17/612...
2026-06-20 09:23:03 [INFO]   Downloading page 18/612...
2026-06-20 09:23:03 [INFO]   Downloading page 351/612...
2026-06-20 09:23:05 [INFO]   Downloading page 19/612...
2026-06-20 09:23:05 [INFO]   Downloading page 352/612...
2026-06-20 09:23:06 [INFO]   Downloading page 20/612...
2026-06-20 09:23:06 [INFO]   Downloading page 353/612...
2026-06-20 09:23:09 [INFO]   Downloading page 21/612...
2026-06-20 09:23:09 [INFO]   Downloading page 354/612...
2026-06-20 09:23:10 [INFO]   Downloading page 22/612...
2026-06-20 09:23:10 [INFO]   Downloading page 355/612...
2026-06-20 09:23:12 [INFO]   Downloading page 23/612...
2026-06-20 09:23:12 [INFO]   Downloading page 356/612...
2026-06-20 09:23:13 [INFO]   Downloading page 24/612...
2026-06-20 09:23:13 [INFO]   Downloading page 357/612...
2026-06-20 09:23:14 [INFO]   Downloading page 25/612...
2026-06-20 09:23:15 [INFO]   Downloading page 358/612...
2026-06-20 09:23:16 [INFO]   Downloading page 359/612...
2026-06-20 09:23:19 [INFO]   Downloading page 360/612...
2026-06-20 09:23:20 [INFO]   Downloading page 361/612...
2026-06-20 09:23:21 [INFO]   Downloading page 362/612...
2026-06-20 09:23:23 [INFO]   Downloading page 363/612...
2026-06-20 09:23:25 [INFO]   Downloading page 364/612...
2026-06-20 09:23:26 [INFO]   Downloading page 365/612...
2026-06-20 09:23:27 [INFO]   Downloading page 366/612...
2026-06-20 09:23:28 [INFO] =========================================
2026-06-20 09:23:28 [INFO] NEPSE Floorsheet Sync V1 Starting
2026-06-20 09:23:28 [INFO] =========================================
2026-06-20 09:23:28 [INFO] Update Frequency: daily
2026-06-20 09:23:28 [INFO] Save Raw JSON: True
2026-06-20 09:23:28 [INFO] Page Size: 100
2026-06-20 09:23:28 [INFO] Test Mode: ENABLED (days: 1)
2026-06-20 09:23:28 [INFO] TEST MODE: Searching backwards for the most recent active trading day...
2026-06-20 09:23:28 [INFO] TEST MODE: Found active trading day: 2026-06-19 (61170 trades).
2026-06-20 09:23:28 [INFO] Target calendar dates to check: ['2026-06-19']
2026-06-20 09:23:28 [INFO] -----------------------------------------
2026-06-20 09:23:28 [INFO] Processing Date: 2026-06-19...
2026-06-20 09:23:29 [INFO]   Page 1: parsed 100 trades. Total pages: 612. Total trades: 61170.
2026-06-20 09:23:29 [INFO]   TEST MODE: Restricting download to page 1 only.
2026-06-20 09:23:29 [INFO] Date: 2026-06-19 | Pages Downloaded: 1 | Trades Downloaded: 100 (Success) | Errors: None
2026-06-20 09:23:29 [INFO] =========================================
2026-06-20 09:23:29 [INFO] NEPSE Floorsheet Sync V1 Completed
2026-06-20 09:23:29 [INFO] =========================================
2026-06-20 09:23:29 [INFO]   Downloading page 367/612...
2026-06-20 09:23:31 [INFO]   Downloading page 368/612...
2026-06-20 09:23:32 [INFO]   Downloading page 369/612...
2026-06-20 09:23:34 [INFO] =========================================
2026-06-20 09:23:34 [INFO] NEPSE Floorsheet Sync V1 Starting
2026-06-20 09:23:34 [INFO] =========================================
2026-06-20 09:23:34 [INFO] Update Frequency: daily
2026-06-20 09:23:34 [INFO] Save Raw JSON: True
2026-06-20 09:23:34 [INFO] Page Size: 100
2026-06-20 09:23:34 [INFO] Test Mode: ENABLED (days: 1)
2026-06-20 09:23:34 [INFO] TEST MODE: Searching backwards for the most recent active trading day...
2026-06-20 09:23:34 [INFO]   Downloading page 370/612...
2026-06-20 09:23:34 [INFO] TEST MODE: Found active trading day: 2026-06-19 (61170 trades).
2026-06-20 09:23:34 [INFO] TEST MODE: Most recent trading day 2026-06-19 is already completed. Skipping download.
2026-06-20 09:23:34 [INFO] =========================================
2026-06-20 09:23:34 [INFO] NEPSE Floorsheet Sync V1 Completed
2026-06-20 09:23:34 [INFO] =========================================
2026-06-20 09:23:35 [INFO]   Downloading page 371/612...
2026-06-20 09:23:37 [INFO]   Downloading page 372/612...
2026-06-20 09:23:38 [INFO]   Downloading page 373/612...
2026-06-20 09:23:40 [INFO]   Downloading page 374/612...
2026-06-20 09:23:41 [INFO]   Downloading page 375/612...
2026-06-20 09:23:43 [INFO]   Downloading page 376/612...
2026-06-20 09:23:44 [INFO]   Downloading page 377/612...
2026-06-20 09:23:45 [INFO]   Downloading page 378/612...
2026-06-20 09:23:47 [INFO]   Downloading page 379/612...
2026-06-20 09:23:48 [INFO]   Downloading page 380/612...
2026-06-20 09:23:50 [INFO]   Downloading page 381/612...
2026-06-20 09:23:52 [INFO]   Downloading page 382/612...
2026-06-20 09:23:53 [INFO]   Downloading page 383/612...
2026-06-20 09:23:54 [INFO]   Downloading page 384/612...
2026-06-20 09:23:56 [INFO]   Downloading page 385/612...
2026-06-20 09:23:57 [INFO]   Downloading page 386/612...
2026-06-20 09:23:59 [INFO]   Downloading page 387/612...
2026-06-20 09:24:00 [INFO]   Downloading page 388/612...
2026-06-20 09:24:02 [INFO]   Downloading page 389/612...
2026-06-20 09:24:03 [INFO]   Downloading page 390/612...
2026-06-20 09:24:05 [INFO]   Downloading page 391/612...
2026-06-20 09:24:07 [INFO]   Downloading page 392/612...
2026-06-20 09:24:08 [INFO]   Downloading page 393/612...
2026-06-20 09:24:10 [INFO]   Downloading page 394/612...
2026-06-20 09:24:11 [INFO]   Downloading page 395/612...
2026-06-20 09:24:12 [INFO]   Downloading page 396/612...
2026-06-20 09:24:14 [INFO]   Downloading page 397/612...
2026-06-20 09:24:15 [INFO]   Downloading page 398/612...
2026-06-20 09:24:17 [INFO]   Downloading page 399/612...
2026-06-20 09:24:18 [INFO]   Downloading page 400/612...
2026-06-20 09:24:20 [INFO]   Downloading page 401/612...
2026-06-20 09:24:21 [INFO]   Downloading page 402/612...
2026-06-20 09:24:23 [INFO]   Downloading page 403/612...
2026-06-20 09:24:24 [INFO]   Downloading page 404/612...
2026-06-20 09:24:26 [INFO]   Downloading page 405/612...
2026-06-20 09:24:27 [INFO]   Downloading page 406/612...
2026-06-20 09:24:28 [INFO]   Downloading page 407/612...
2026-06-20 09:24:30 [INFO]   Downloading page 408/612...
2026-06-20 09:24:32 [INFO]   Downloading page 409/612...
2026-06-20 09:24:33 [INFO]   Downloading page 410/612...
2026-06-20 09:24:34 [INFO]   Downloading page 411/612...
2026-06-20 09:24:36 [INFO]   Downloading page 412/612...
2026-06-20 09:24:36 [INFO] =========================================
2026-06-20 09:24:36 [INFO] NEPSE Floorsheet Sync V1 Starting
2026-06-20 09:24:36 [INFO] =========================================
2026-06-20 09:24:36 [INFO] Update Frequency: daily
2026-06-20 09:24:36 [INFO] Save Raw JSON: True
2026-06-20 09:24:36 [INFO] Page Size: 100
2026-06-20 09:24:36 [INFO] Test Mode: ENABLED (days: 1)
2026-06-20 09:24:36 [INFO] TEST MODE: Searching backwards for the most recent active trading day...
2026-06-20 09:24:37 [INFO] TEST MODE: Found active trading day: 2026-06-19 (61170 trades).
2026-06-20 09:24:37 [INFO] TEST MODE: Most recent trading day 2026-06-19 is already completed. Skipping download.
2026-06-20 09:24:37 [INFO] =========================================
2026-06-20 09:24:37 [INFO] NEPSE Floorsheet Sync V1 Completed
2026-06-20 09:24:37 [INFO] =========================================
2026-06-20 09:24:37 [INFO]   Downloading page 413/612...
2026-06-20 09:24:39 [INFO]   Downloading page 414/612...
2026-06-20 09:24:40 [INFO]   Downloading page 415/612...
2026-06-20 09:24:41 [INFO]   Downloading page 416/612...
2026-06-20 09:24:43 [INFO]   Downloading page 417/612...
2026-06-20 09:24:44 [INFO]   Downloading page 418/612...
2026-06-20 09:24:46 [INFO]   Downloading page 419/612...
2026-06-20 09:24:48 [INFO]   Downloading page 420/612...
2026-06-20 09:24:50 [INFO]   Downloading page 421/612...
2026-06-20 09:24:52 [INFO]   Downloading page 422/612...
2026-06-20 09:24:53 [INFO]   Downloading page 423/612...
2026-06-20 09:24:54 [INFO]   Downloading page 424/612...
2026-06-20 09:24:56 [INFO]   Downloading page 425/612...
2026-06-20 09:24:57 [INFO]   Downloading page 426/612...
2026-06-20 09:24:59 [INFO]   Downloading page 427/612...
2026-06-20 09:25:00 [INFO]   Downloading page 428/612...
2026-06-20 09:25:02 [INFO]   Downloading page 429/612...
2026-06-20 09:25:03 [INFO]   Downloading page 430/612...
2026-06-20 09:25:05 [INFO]   Downloading page 431/612...
2026-06-20 09:25:06 [INFO]   Downloading page 432/612...
2026-06-20 09:25:08 [INFO]   Downloading page 433/612...
2026-06-20 09:25:09 [INFO]   Downloading page 434/612...
2026-06-20 09:25:11 [INFO]   Downloading page 435/612...
2026-06-20 09:25:12 [INFO]   Downloading page 436/612...
2026-06-20 09:25:14 [INFO]   Downloading page 437/612...
2026-06-20 09:25:15 [INFO]   Downloading page 438/612...
2026-06-20 09:25:16 [INFO]   Downloading page 439/612...
2026-06-20 09:25:18 [INFO]   Downloading page 440/612...
2026-06-20 09:25:19 [INFO]   Downloading page 441/612...
2026-06-20 09:25:21 [INFO]   Downloading page 442/612...
2026-06-20 09:25:22 [INFO]   Downloading page 443/612...
2026-06-20 09:25:24 [INFO]   Downloading page 444/612...
2026-06-20 09:25:25 [INFO]   Downloading page 445/612...
2026-06-20 09:25:26 [INFO]   Downloading page 446/612...
2026-06-20 09:25:28 [INFO]   Downloading page 447/612...
2026-06-20 09:25:29 [INFO]   Downloading page 448/612...
2026-06-20 09:25:31 [INFO]   Downloading page 449/612...
2026-06-20 09:25:32 [INFO]   Downloading page 450/612...
2026-06-20 09:25:34 [INFO]   Downloading page 451/612...
2026-06-20 09:25:35 [INFO]   Downloading page 452/612...
2026-06-20 09:25:36 [INFO]   Downloading page 453/612...
2026-06-20 09:25:38 [INFO]   Downloading page 454/612...
2026-06-20 09:25:39 [INFO]   Downloading page 455/612...
2026-06-20 09:25:41 [INFO]   Downloading page 456/612...
2026-06-20 09:25:42 [INFO]   Downloading page 457/612...
2026-06-20 09:25:44 [INFO]   Downloading page 458/612...
2026-06-20 09:25:45 [INFO]   Downloading page 459/612...
2026-06-20 09:25:47 [INFO]   Downloading page 460/612...
2026-06-20 09:25:48 [INFO]   Downloading page 461/612...
2026-06-20 09:25:50 [INFO]   Downloading page 462/612...
2026-06-20 09:25:51 [INFO]   Downloading page 463/612...
2026-06-20 09:25:52 [INFO]   Downloading page 464/612...
2026-06-20 09:25:54 [INFO]   Downloading page 465/612...
2026-06-20 09:25:55 [INFO]   Downloading page 466/612...
2026-06-20 09:25:57 [INFO]   Downloading page 467/612...
2026-06-20 09:25:58 [INFO]   Downloading page 468/612...
2026-06-20 09:26:00 [INFO]   Downloading page 469/612...
2026-06-20 09:26:01 [INFO]   Downloading page 470/612...
2026-06-20 09:26:03 [INFO]   Downloading page 471/612...
2026-06-20 09:26:04 [INFO]   Downloading page 472/612...
2026-06-20 09:26:06 [INFO]   Downloading page 473/612...
2026-06-20 09:26:07 [INFO]   Downloading page 474/612...
2026-06-20 09:26:09 [INFO]   Downloading page 475/612...
2026-06-20 09:26:10 [INFO]   Downloading page 476/612...
2026-06-20 09:26:11 [INFO]   Downloading page 477/612...
2026-06-20 09:26:13 [INFO]   Downloading page 478/612...
2026-06-20 09:26:15 [INFO]   Downloading page 479/612...
2026-06-20 09:26:16 [INFO]   Downloading page 480/612...
2026-06-20 09:26:18 [INFO]   Downloading page 481/612...
2026-06-20 09:26:19 [INFO]   Downloading page 482/612...
2026-06-20 09:26:21 [INFO]   Downloading page 483/612...
2026-06-20 09:26:22 [INFO]   Downloading page 484/612...
2026-06-20 09:26:24 [INFO]   Downloading page 485/612...
2026-06-20 09:26:25 [INFO]   Downloading page 486/612...
2026-06-20 09:26:26 [INFO]   Downloading page 487/612...
2026-06-20 09:26:28 [INFO]   Downloading page 488/612...
2026-06-20 09:26:29 [INFO]   Downloading page 489/612...
2026-06-20 09:26:31 [INFO]   Downloading page 490/612...
2026-06-20 09:26:32 [INFO]   Downloading page 491/612...
2026-06-20 09:26:34 [INFO]   Downloading page 492/612...
2026-06-20 09:26:35 [INFO]   Downloading page 493/612...
2026-06-20 09:26:37 [INFO]   Downloading page 494/612...
2026-06-20 09:26:38 [INFO]   Downloading page 495/612...
2026-06-20 09:26:39 [INFO]   Downloading page 496/612...
2026-06-20 09:26:41 [INFO]   Downloading page 497/612...
2026-06-20 09:26:42 [INFO]   Downloading page 498/612...
2026-06-20 09:26:44 [INFO]   Downloading page 499/612...
2026-06-20 09:26:45 [INFO]   Downloading page 500/612...
2026-06-20 09:26:47 [INFO]   Downloading page 501/612...
2026-06-20 09:26:48 [INFO]   Downloading page 502/612...
2026-06-20 09:26:49 [INFO]   Downloading page 503/612...
2026-06-20 09:26:51 [INFO]   Downloading page 504/612...
2026-06-20 09:26:52 [INFO]   Downloading page 505/612...
2026-06-20 09:26:54 [INFO]   Downloading page 506/612...
2026-06-20 09:26:55 [INFO]   Downloading page 507/612...
2026-06-20 09:26:57 [INFO]   Downloading page 508/612...
2026-06-20 09:26:58 [INFO]   Downloading page 509/612...
2026-06-20 09:27:00 [INFO]   Downloading page 510/612...
2026-06-20 09:27:01 [INFO]   Downloading page 511/612...
2026-06-20 09:27:03 [INFO]   Downloading page 512/612...
2026-06-20 09:27:04 [INFO]   Downloading page 513/612...
2026-06-20 09:27:06 [INFO]   Downloading page 514/612...
2026-06-20 09:27:07 [INFO]   Downloading page 515/612...
2026-06-20 09:27:08 [INFO]   Downloading page 516/612...
2026-06-20 09:27:10 [INFO]   Downloading page 517/612...
2026-06-20 09:27:11 [INFO]   Downloading page 518/612...
2026-06-20 09:27:13 [INFO]   Downloading page 519/612...
2026-06-20 09:27:14 [INFO]   Downloading page 520/612...
2026-06-20 09:27:15 [INFO]   Downloading page 521/612...
2026-06-20 09:27:17 [INFO]   Downloading page 522/612...
2026-06-20 09:27:18 [INFO]   Downloading page 523/612...
2026-06-20 09:27:20 [INFO]   Downloading page 524/612...
2026-06-20 09:27:21 [INFO]   Downloading page 525/612...
2026-06-20 09:27:23 [INFO]   Downloading page 526/612...
2026-06-20 09:27:24 [INFO]   Downloading page 527/612...
2026-06-20 09:27:26 [INFO]   Downloading page 528/612...
2026-06-20 09:27:27 [INFO]   Downloading page 529/612...
2026-06-20 09:27:28 [INFO]   Downloading page 530/612...
2026-06-20 09:27:30 [INFO]   Downloading page 531/612...
2026-06-20 09:27:31 [INFO]   Downloading page 532/612...
2026-06-20 09:27:33 [INFO]   Downloading page 533/612...
2026-06-20 09:27:34 [INFO]   Downloading page 534/612...
2026-06-20 09:27:36 [INFO]   Downloading page 535/612...
2026-06-20 09:27:37 [INFO]   Downloading page 536/612...
2026-06-20 09:27:39 [INFO]   Downloading page 537/612...
2026-06-20 09:27:40 [INFO]   Downloading page 538/612...
2026-06-20 09:27:41 [INFO]   Downloading page 539/612...
2026-06-20 09:27:43 [INFO]   Downloading page 540/612...
2026-06-20 09:27:44 [INFO]   Downloading page 541/612...
2026-06-20 09:27:46 [INFO]   Downloading page 542/612...
2026-06-20 09:27:47 [INFO]   Downloading page 543/612...
2026-06-20 09:27:49 [INFO]   Downloading page 544/612...
2026-06-20 09:27:50 [INFO]   Downloading page 545/612...
2026-06-20 09:27:51 [INFO]   Downloading page 546/612...
2026-06-20 09:27:53 [INFO]   Downloading page 547/612...
2026-06-20 09:27:54 [INFO]   Downloading page 548/612...
2026-06-20 09:27:56 [INFO]   Downloading page 549/612...
2026-06-20 09:27:57 [INFO]   Downloading page 550/612...
2026-06-20 09:27:59 [INFO]   Downloading page 551/612...
2026-06-20 09:28:00 [INFO]   Downloading page 552/612...
2026-06-20 09:28:02 [INFO]   Downloading page 553/612...
2026-06-20 09:28:03 [INFO]   Downloading page 554/612...
2026-06-20 09:28:04 [INFO]   Downloading page 555/612...
2026-06-20 09:28:06 [INFO]   Downloading page 556/612...
2026-06-20 09:28:07 [INFO]   Downloading page 557/612...
2026-06-20 09:28:09 [INFO]   Downloading page 558/612...
2026-06-20 09:28:10 [INFO]   Downloading page 559/612...
2026-06-20 09:28:12 [INFO]   Downloading page 560/612...
2026-06-20 09:28:13 [INFO]   Downloading page 561/612...
2026-06-20 09:28:15 [INFO]   Downloading page 562/612...
2026-06-20 09:28:16 [INFO]   Downloading page 563/612...
2026-06-20 09:28:17 [INFO]   Downloading page 564/612...
2026-06-20 09:28:19 [INFO]   Downloading page 565/612...
2026-06-20 09:28:20 [INFO]   Downloading page 566/612...
2026-06-20 09:28:22 [INFO]   Downloading page 567/612...
2026-06-20 09:28:23 [INFO]   Downloading page 568/612...
2026-06-20 09:28:25 [INFO]   Downloading page 569/612...
2026-06-20 09:28:26 [INFO]   Downloading page 570/612...
2026-06-20 09:28:27 [INFO]   Downloading page 571/612...
2026-06-20 09:28:29 [INFO]   Downloading page 572/612...
2026-06-20 09:28:31 [INFO]   Downloading page 573/612...
2026-06-20 09:28:32 [INFO]   Downloading page 574/612...
2026-06-20 09:28:34 [INFO]   Downloading page 575/612...
2026-06-20 09:28:35 [INFO]   Downloading page 576/612...
2026-06-20 09:28:36 [INFO]   Downloading page 577/612...
2026-06-20 09:28:38 [INFO]   Downloading page 578/612...
2026-06-20 09:28:40 [INFO]   Downloading page 579/612...
2026-06-20 09:28:41 [INFO]   Downloading page 580/612...
2026-06-20 09:28:42 [INFO]   Downloading page 581/612...
2026-06-20 09:28:44 [INFO]   Downloading page 582/612...
2026-06-20 09:28:45 [INFO]   Downloading page 583/612...
2026-06-20 09:28:47 [INFO]   Downloading page 584/612...
2026-06-20 09:28:48 [INFO]   Downloading page 585/612...
2026-06-20 09:28:50 [INFO]   Downloading page 586/612...
2026-06-20 09:28:51 [INFO]   Downloading page 587/612...
2026-06-20 09:28:53 [INFO]   Downloading page 588/612...
2026-06-20 09:28:54 [INFO]   Downloading page 589/612...
2026-06-20 09:28:56 [INFO]   Downloading page 590/612...
2026-06-20 09:28:57 [INFO]   Downloading page 591/612...
2026-06-20 09:28:59 [INFO]   Downloading page 592/612...
2026-06-20 09:29:00 [INFO]   Downloading page 593/612...
2026-06-20 09:29:01 [INFO]   Downloading page 594/612...
2026-06-20 09:29:03 [INFO]   Downloading page 595/612...
2026-06-20 09:29:04 [INFO]   Downloading page 596/612...
2026-06-20 09:29:06 [INFO]   Downloading page 597/612...
2026-06-20 09:29:07 [INFO]   Downloading page 598/612...
2026-06-20 09:29:09 [INFO]   Downloading page 599/612...
2026-06-20 09:29:10 [INFO]   Downloading page 600/612...
2026-06-20 09:29:12 [INFO]   Downloading page 601/612...
2026-06-20 09:29:13 [INFO]   Downloading page 602/612...
2026-06-20 09:29:14 [INFO]   Downloading page 603/612...
2026-06-20 09:29:16 [INFO]   Downloading page 604/612...
2026-06-20 09:29:17 [INFO]   Downloading page 605/612...
2026-06-20 09:29:19 [INFO]   Downloading page 606/612...
2026-06-20 09:29:20 [INFO]   Downloading page 607/612...
2026-06-20 09:29:22 [INFO]   Downloading page 608/612...
2026-06-20 09:29:23 [INFO]   Downloading page 609/612...
2026-06-20 09:29:25 [INFO]   Downloading page 610/612...
2026-06-20 09:29:26 [INFO]   Downloading page 611/612...
2026-06-20 09:29:28 [INFO]   Downloading page 612/612...
2026-06-20 09:29:29 [INFO] Date: 2026-06-19 | Pages Downloaded: 612 | Trades Downloaded: 61170 (Success) | Errors: None
2026-06-20 09:29:30 [INFO] Processing Date: 2026-06-20...
2026-06-20 09:29:30 [INFO]   Page 1: parsed 0 trades. Total pages: 0. Total trades: 0.
2026-06-20 09:29:30 [INFO] Date: 2026-06-20 | Pages Downloaded: 1 | Trades Downloaded: 0 (No trading data) | Errors: None
2026-06-20 09:29:30 [INFO] =========================================
2026-06-20 09:29:30 [INFO] NEPSE Floorsheet Sync V1 Completed
2026-06-20 09:29:30 [INFO] =========================================
