2026-06-20 08:56:55 [INFO] =========================================
2026-06-20 08:56:55 [INFO] NEPSE Indices Sync V1 Starting
2026-06-20 08:56:55 [INFO] =========================================
2026-06-20 08:56:55 [INFO] Update Frequency: daily
2026-06-20 08:56:55 [INFO] Save Raw JSON: True
2026-06-20 08:56:55 [INFO] Test Mode: ENABLED (limit: 3)
2026-06-20 08:56:55 [INFO] -----------------------------------------
2026-06-20 08:56:55 [INFO] Step 1: Harvesting dynamic authorization header...
2026-06-20 08:57:03 [INFO] Authentication token captured successfully.
2026-06-20 08:57:03 [INFO] -----------------------------------------
2026-06-20 08:57:03 [INFO] Step 2: Fetching active index listing...
2026-06-20 08:57:04 [INFO] Saved 17 active indices to master list.
2026-06-20 08:57:04 [INFO] Total active index IDs available: [51, 52, 53, 54, 55, 56, 57, 58, 59, 60, 61, 62, 63, 64, 65, 66, 67]
2026-06-20 08:57:04 [INFO] TEST MODE: Restricting execution to target indices: [51, 58, 64]
2026-06-20 08:57:04 [INFO] -----------------------------------------
2026-06-20 08:57:04 [INFO] Step 3: Downloading index history...
2026-06-20 08:57:04 [INFO] [1/3] Processing Index ID: 51 (Banking SubIndex)
2026-06-20 08:57:04 [INFO]   Pre-existing dates stored: 0
2026-06-20 08:57:04 [INFO]   Downloading page 0 of history...
2026-06-20 08:57:08 [INFO]   Downloading page 1 of history...
2026-06-20 08:57:10 [INFO]   Downloading page 2 of history...
2026-06-20 08:57:11 [INFO]   Reached the last page of historical records.
2026-06-20 08:57:11 [INFO]   SUCCESS: Added 225 new records. Total stored: 225.
2026-06-20 08:57:12 [INFO] [2/3] Processing Index ID: 58 (NEPSE Index)
2026-06-20 08:57:12 [INFO]   Pre-existing dates stored: 0
2026-06-20 08:57:12 [INFO]   Downloading page 0 of history...
2026-06-20 08:57:14 [INFO]   Downloading page 1 of history...
2026-06-20 08:57:17 [INFO]   Downloading page 2 of history...
2026-06-20 08:57:18 [INFO]   Reached the last page of historical records.
2026-06-20 08:57:18 [INFO]   SUCCESS: Added 225 new records. Total stored: 225.
2026-06-20 08:57:19 [INFO] [3/3] Processing Index ID: 64 (Microfinance Index)
2026-06-20 08:57:19 [INFO]   Pre-existing dates stored: 0
2026-06-20 08:57:19 [INFO]   Downloading page 0 of history...
2026-06-20 08:57:22 [INFO]   Downloading page 1 of history...
2026-06-20 08:57:24 [INFO]   Downloading page 2 of history...
2026-06-20 08:57:26 [INFO]   Reached the last page of historical records.
2026-06-20 08:57:26 [INFO]   SUCCESS: Added 225 new records. Total stored: 225.
2026-06-20 08:57:26 [INFO] =========================================
2026-06-20 08:57:26 [INFO] NEPSE Indices Sync V1 Completed
2026-06-20 08:57:26 [INFO] =========================================
2026-06-20 08:57:35 [INFO] =========================================
2026-06-20 08:57:35 [INFO] NEPSE Indices Sync V1 Starting
2026-06-20 08:57:35 [INFO] =========================================
2026-06-20 08:57:35 [INFO] Update Frequency: daily
2026-06-20 08:57:35 [INFO] Save Raw JSON: True
2026-06-20 08:57:35 [INFO] Test Mode: ENABLED (limit: 3)
2026-06-20 08:57:35 [INFO] -----------------------------------------
2026-06-20 08:57:35 [INFO] Step 1: Harvesting dynamic authorization header...
2026-06-20 08:57:43 [INFO] Authentication token captured successfully.
2026-06-20 08:57:43 [INFO] -----------------------------------------
2026-06-20 08:57:43 [INFO] Step 2: Fetching active index listing...
2026-06-20 08:57:44 [INFO] Saved 17 active indices to master list.
2026-06-20 08:57:44 [INFO] Total active index IDs available: [51, 52, 53, 54, 55, 56, 57, 58, 59, 60, 61, 62, 63, 64, 65, 66, 67]
2026-06-20 08:57:44 [INFO] TEST MODE: Restricting execution to target indices: [51, 58, 64]
2026-06-20 08:57:44 [INFO] -----------------------------------------
2026-06-20 08:57:44 [INFO] Step 3: Downloading index history...
2026-06-20 08:57:44 [INFO] [1/3] Processing Index ID: 51 (Banking SubIndex)
2026-06-20 08:57:44 [INFO]   Pre-existing dates stored: 225
2026-06-20 08:57:44 [INFO]   Downloading page 0 of history...
2026-06-20 08:57:45 [INFO]     Resume system hit pre-existing date: 2026-06-19. Stopping crawler.
2026-06-20 08:57:45 [INFO]   NO CHANGE: Index ID 51 is already up-to-date.
2026-06-20 08:57:46 [INFO] [2/3] Processing Index ID: 58 (NEPSE Index)
2026-06-20 08:57:46 [INFO]   Pre-existing dates stored: 225
2026-06-20 08:57:46 [INFO]   Downloading page 0 of history...
2026-06-20 08:57:48 [INFO]     Resume system hit pre-existing date: 2026-06-19. Stopping crawler.
2026-06-20 08:57:48 [INFO]   NO CHANGE: Index ID 58 is already up-to-date.
2026-06-20 08:57:49 [INFO] [3/3] Processing Index ID: 64 (Microfinance Index)
2026-06-20 08:57:49 [INFO]   Pre-existing dates stored: 225
2026-06-20 08:57:49 [INFO]   Downloading page 0 of history...
2026-06-20 08:57:50 [INFO]     Resume system hit pre-existing date: 2026-06-19. Stopping crawler.
2026-06-20 08:57:50 [INFO]   NO CHANGE: Index ID 64 is already up-to-date.
2026-06-20 08:57:50 [INFO] =========================================
2026-06-20 08:57:50 [INFO] NEPSE Indices Sync V1 Completed
2026-06-20 08:57:50 [INFO] =========================================
2026-06-20 09:01:06 [INFO] =========================================
2026-06-20 09:01:06 [INFO] NEPSE Indices Sync V1 Starting
2026-06-20 09:01:06 [INFO] =========================================
2026-06-20 09:01:06 [INFO] Update Frequency: daily
2026-06-20 09:01:06 [INFO] Save Raw JSON: True
2026-06-20 09:01:06 [INFO] Test Mode: DISABLED
2026-06-20 09:01:06 [INFO] -----------------------------------------
2026-06-20 09:01:06 [INFO] Step 1: Harvesting dynamic authorization header...
2026-06-20 09:01:15 [INFO] Authentication token captured successfully.
2026-06-20 09:01:15 [INFO] -----------------------------------------
2026-06-20 09:01:15 [INFO] Step 2: Fetching active index listing...
2026-06-20 09:01:16 [INFO] Saved 17 active indices to master list.
2026-06-20 09:01:16 [INFO] Total active index IDs available: [51, 52, 53, 54, 55, 56, 57, 58, 59, 60, 61, 62, 63, 64, 65, 66, 67]
2026-06-20 09:01:16 [INFO] -----------------------------------------
2026-06-20 09:01:16 [INFO] Step 3: Downloading index history...
2026-06-20 09:01:16 [INFO] [1/17] Processing Index ID: 51 (Banking SubIndex)
2026-06-20 09:01:16 [INFO]   Pre-existing dates stored: 225
2026-06-20 09:01:16 [INFO]   Downloading page 0 of history...
2026-06-20 09:01:17 [INFO]     Resume system hit pre-existing date: 2026-06-19. Stopping crawler.
2026-06-20 09:01:17 [INFO]   NO CHANGE: Index ID 51 is already up-to-date.
2026-06-20 09:01:18 [INFO] [2/17] Processing Index ID: 52 (Hotels And Tourism Index)
2026-06-20 09:01:18 [INFO]   Pre-existing dates stored: 0
2026-06-20 09:01:18 [INFO]   Downloading page 0 of history...
2026-06-20 09:01:21 [INFO]   Downloading page 1 of history...
2026-06-20 09:01:23 [INFO]   Downloading page 2 of history...
2026-06-20 09:01:24 [INFO]   Reached the last page of historical records.
2026-06-20 09:01:24 [INFO]   SUCCESS: Added 225 new records. Total stored: 225.
2026-06-20 09:01:25 [INFO] [3/17] Processing Index ID: 53 (Others Index)
2026-06-20 09:01:25 [INFO]   Pre-existing dates stored: 0
2026-06-20 09:01:25 [INFO]   Downloading page 0 of history...
2026-06-20 09:01:27 [INFO]   Downloading page 1 of history...
2026-06-20 09:01:29 [INFO]   Downloading page 2 of history...
2026-06-20 09:01:31 [INFO]   Reached the last page of historical records.
2026-06-20 09:01:31 [INFO]   SUCCESS: Added 225 new records. Total stored: 225.
2026-06-20 09:01:32 [INFO] [4/17] Processing Index ID: 54 (HydroPower Index)
2026-06-20 09:01:32 [INFO]   Pre-existing dates stored: 0
2026-06-20 09:01:32 [INFO]   Downloading page 0 of history...
2026-06-20 09:01:34 [INFO]   Downloading page 1 of history...
2026-06-20 09:01:36 [INFO]   Downloading page 2 of history...
2026-06-20 09:01:37 [INFO]   Reached the last page of historical records.
2026-06-20 09:01:37 [INFO]   SUCCESS: Added 225 new records. Total stored: 225.
2026-06-20 09:01:38 [INFO] [5/17] Processing Index ID: 55 (Development Bank Index)
2026-06-20 09:01:38 [INFO]   Pre-existing dates stored: 0
2026-06-20 09:01:38 [INFO]   Downloading page 0 of history...
2026-06-20 09:01:40 [INFO]   Downloading page 1 of history...
2026-06-20 09:01:42 [INFO]   Downloading page 2 of history...
2026-06-20 09:01:44 [INFO]   Reached the last page of historical records.
2026-06-20 09:01:44 [INFO]   SUCCESS: Added 225 new records. Total stored: 225.
2026-06-20 09:01:45 [INFO] [6/17] Processing Index ID: 56 (Manufacturing And Processing)
2026-06-20 09:01:45 [INFO]   Pre-existing dates stored: 0
2026-06-20 09:01:45 [INFO]   Downloading page 0 of history...
2026-06-20 09:01:47 [INFO]   Downloading page 1 of history...
2026-06-20 09:01:49 [INFO]   Downloading page 2 of history...
2026-06-20 09:01:50 [INFO]   Reached the last page of historical records.
2026-06-20 09:01:50 [INFO]   SUCCESS: Added 225 new records. Total stored: 225.
2026-06-20 09:01:51 [INFO] [7/17] Processing Index ID: 57 (Sensitive Index)
2026-06-20 09:01:51 [INFO]   Pre-existing dates stored: 0
2026-06-20 09:01:51 [INFO]   Downloading page 0 of history...
2026-06-20 09:01:53 [INFO]   Downloading page 1 of history...
2026-06-20 09:01:56 [INFO]   Downloading page 2 of history...
2026-06-20 09:01:57 [INFO]   Reached the last page of historical records.
2026-06-20 09:01:57 [INFO]   SUCCESS: Added 225 new records. Total stored: 225.
2026-06-20 09:01:58 [INFO] [8/17] Processing Index ID: 58 (NEPSE Index)
2026-06-20 09:01:58 [INFO]   Pre-existing dates stored: 225
2026-06-20 09:01:58 [INFO]   Downloading page 0 of history...
2026-06-20 09:01:59 [INFO]     Resume system hit pre-existing date: 2026-06-19. Stopping crawler.
2026-06-20 09:01:59 [INFO]   NO CHANGE: Index ID 58 is already up-to-date.
2026-06-20 09:02:00 [INFO] [9/17] Processing Index ID: 59 (Non Life Insurance)
2026-06-20 09:02:00 [INFO]   Pre-existing dates stored: 0
2026-06-20 09:02:00 [INFO]   Downloading page 0 of history...
2026-06-20 09:02:02 [INFO]   Downloading page 1 of history...
2026-06-20 09:02:04 [INFO]   Downloading page 2 of history...
2026-06-20 09:02:06 [INFO]   Reached the last page of historical records.
2026-06-20 09:02:06 [INFO]   SUCCESS: Added 225 new records. Total stored: 225.
2026-06-20 09:02:07 [INFO] [10/17] Processing Index ID: 60 (Finance Index)
2026-06-20 09:02:07 [INFO]   Pre-existing dates stored: 0
2026-06-20 09:02:07 [INFO]   Downloading page 0 of history...
2026-06-20 09:02:09 [INFO]   Downloading page 1 of history...
2026-06-20 09:02:11 [INFO]   Downloading page 2 of history...
2026-06-20 09:02:12 [INFO]   Reached the last page of historical records.
2026-06-20 09:02:12 [INFO]   SUCCESS: Added 225 new records. Total stored: 225.
2026-06-20 09:02:13 [INFO] [11/17] Processing Index ID: 61 (Trading Index)
2026-06-20 09:02:13 [INFO]   Pre-existing dates stored: 0
2026-06-20 09:02:13 [INFO]   Downloading page 0 of history...
2026-06-20 09:02:24 [INFO]   Downloading page 1 of history...
2026-06-20 09:02:26 [INFO]   Downloading page 2 of history...
2026-06-20 09:02:27 [INFO]   Reached the last page of historical records.
2026-06-20 09:02:27 [INFO]   SUCCESS: Added 225 new records. Total stored: 225.
2026-06-20 09:02:28 [INFO] [12/17] Processing Index ID: 62 (Float Index)
2026-06-20 09:02:28 [INFO]   Pre-existing dates stored: 0
2026-06-20 09:02:28 [INFO]   Downloading page 0 of history...
2026-06-20 09:02:30 [INFO]   Downloading page 1 of history...
2026-06-20 09:02:32 [INFO]   Downloading page 2 of history...
2026-06-20 09:02:33 [INFO]   Reached the last page of historical records.
2026-06-20 09:02:33 [INFO]   SUCCESS: Added 225 new records. Total stored: 225.
2026-06-20 09:02:34 [INFO] [13/17] Processing Index ID: 63 (Sensitive Float Index)
2026-06-20 09:02:34 [INFO]   Pre-existing dates stored: 0
2026-06-20 09:02:34 [INFO]   Downloading page 0 of history...
2026-06-20 09:02:37 [INFO]   Downloading page 1 of history...
2026-06-20 09:02:39 [INFO]   Downloading page 2 of history...
2026-06-20 09:02:40 [INFO]   Reached the last page of historical records.
2026-06-20 09:02:40 [INFO]   SUCCESS: Added 225 new records. Total stored: 225.
2026-06-20 09:02:41 [INFO] [14/17] Processing Index ID: 64 (Microfinance Index)
2026-06-20 09:02:41 [INFO]   Pre-existing dates stored: 225
2026-06-20 09:02:41 [INFO]   Downloading page 0 of history...
2026-06-20 09:02:42 [INFO]     Resume system hit pre-existing date: 2026-06-19. Stopping crawler.
2026-06-20 09:02:42 [INFO]   NO CHANGE: Index ID 64 is already up-to-date.
2026-06-20 09:02:43 [INFO] [15/17] Processing Index ID: 65 (Life Insurance)
2026-06-20 09:02:43 [INFO]   Pre-existing dates stored: 0
2026-06-20 09:02:43 [INFO]   Downloading page 0 of history...
2026-06-20 09:02:45 [INFO]   Downloading page 1 of history...
2026-06-20 09:02:47 [INFO]   Downloading page 2 of history...
2026-06-20 09:02:49 [INFO]   Reached the last page of historical records.
2026-06-20 09:02:49 [INFO]   SUCCESS: Added 225 new records. Total stored: 225.
2026-06-20 09:02:50 [INFO] [16/17] Processing Index ID: 66 (Mutual Fund)
2026-06-20 09:02:50 [INFO]   Pre-existing dates stored: 0
2026-06-20 09:02:50 [INFO]   Downloading page 0 of history...
2026-06-20 09:02:52 [INFO]   Downloading page 1 of history...
2026-06-20 09:02:54 [INFO]   Downloading page 2 of history...
2026-06-20 09:02:55 [INFO]   Reached the last page of historical records.
2026-06-20 09:02:55 [INFO]   SUCCESS: Added 225 new records. Total stored: 225.
2026-06-20 09:02:56 [INFO] [17/17] Processing Index ID: 67 (Investment Index)
2026-06-20 09:02:56 [INFO]   Pre-existing dates stored: 0
2026-06-20 09:02:56 [INFO]   Downloading page 0 of history...
2026-06-20 09:02:58 [INFO]   Downloading page 1 of history...
2026-06-20 09:03:00 [INFO]   Downloading page 2 of history...
2026-06-20 09:03:02 [INFO]   Reached the last page of historical records.
2026-06-20 09:03:02 [INFO]   SUCCESS: Added 225 new records. Total stored: 225.
2026-06-20 09:03:02 [INFO] =========================================
2026-06-20 09:03:02 [INFO] NEPSE Indices Sync V1 Completed
2026-06-20 09:03:02 [INFO] =========================================
2026-06-20 09:21:45 [INFO] =========================================
2026-06-20 09:21:45 [INFO] NEPSE Indices Sync V1 Starting
2026-06-20 09:21:45 [INFO] =========================================
2026-06-20 09:21:45 [INFO] Update Frequency: daily
2026-06-20 09:21:45 [INFO] Save Raw JSON: True
2026-06-20 09:21:45 [INFO] Test Mode: DISABLED
2026-06-20 09:21:45 [INFO] -----------------------------------------
2026-06-20 09:21:45 [INFO] Step 1: Harvesting dynamic authorization header...
2026-06-20 09:21:55 [INFO] Authentication token captured successfully.
2026-06-20 09:21:55 [INFO] -----------------------------------------
2026-06-20 09:21:55 [INFO] Step 2: Fetching active index listing...
2026-06-20 09:21:57 [INFO] Saved 17 active indices to master list.
2026-06-20 09:21:57 [INFO] Total active index IDs available: [51, 52, 53, 54, 55, 56, 57, 58, 59, 60, 61, 62, 63, 64, 65, 66, 67]
2026-06-20 09:21:57 [INFO] -----------------------------------------
2026-06-20 09:21:57 [INFO] Step 3: Downloading index history...
2026-06-20 09:21:57 [INFO] [1/17] Processing Index ID: 51 (Banking SubIndex)
2026-06-20 09:21:57 [INFO]   Pre-existing dates stored: 225
2026-06-20 09:21:57 [INFO]   Downloading page 0 of history...
2026-06-20 09:21:58 [INFO]     Resume system hit pre-existing date: 2026-06-19. Stopping crawler.
2026-06-20 09:21:58 [INFO]   NO CHANGE: Index ID 51 is already up-to-date.
2026-06-20 09:21:59 [INFO] [2/17] Processing Index ID: 52 (Hotels And Tourism Index)
2026-06-20 09:21:59 [INFO]   Pre-existing dates stored: 225
2026-06-20 09:21:59 [INFO]   Downloading page 0 of history...
2026-06-20 09:22:01 [INFO]     Resume system hit pre-existing date: 2026-06-19. Stopping crawler.
2026-06-20 09:22:01 [INFO]   NO CHANGE: Index ID 52 is already up-to-date.
2026-06-20 09:22:02 [INFO] [3/17] Processing Index ID: 53 (Others Index)
2026-06-20 09:22:02 [INFO]   Pre-existing dates stored: 225
2026-06-20 09:22:02 [INFO]   Downloading page 0 of history...
2026-06-20 09:22:03 [INFO]     Resume system hit pre-existing date: 2026-06-19. Stopping crawler.
2026-06-20 09:22:03 [INFO]   NO CHANGE: Index ID 53 is already up-to-date.
2026-06-20 09:22:04 [INFO] [4/17] Processing Index ID: 54 (HydroPower Index)
2026-06-20 09:22:04 [INFO]   Pre-existing dates stored: 225
2026-06-20 09:22:04 [INFO]   Downloading page 0 of history...
2026-06-20 09:22:06 [INFO]     Resume system hit pre-existing date: 2026-06-19. Stopping crawler.
2026-06-20 09:22:06 [INFO]   NO CHANGE: Index ID 54 is already up-to-date.
2026-06-20 09:22:07 [INFO] [5/17] Processing Index ID: 55 (Development Bank Index)
2026-06-20 09:22:07 [INFO]   Pre-existing dates stored: 225
2026-06-20 09:22:07 [INFO]   Downloading page 0 of history...
2026-06-20 09:22:08 [INFO]     Resume system hit pre-existing date: 2026-06-19. Stopping crawler.
2026-06-20 09:22:08 [INFO]   NO CHANGE: Index ID 55 is already up-to-date.
2026-06-20 09:22:09 [INFO] [6/17] Processing Index ID: 56 (Manufacturing And Processing)
2026-06-20 09:22:09 [INFO]   Pre-existing dates stored: 225
2026-06-20 09:22:09 [INFO]   Downloading page 0 of history...
2026-06-20 09:22:10 [INFO]     Resume system hit pre-existing date: 2026-06-19. Stopping crawler.
2026-06-20 09:22:10 [INFO]   NO CHANGE: Index ID 56 is already up-to-date.
2026-06-20 09:22:11 [INFO] [7/17] Processing Index ID: 57 (Sensitive Index)
2026-06-20 09:22:11 [INFO]   Pre-existing dates stored: 225
2026-06-20 09:22:11 [INFO]   Downloading page 0 of history...
2026-06-20 09:22:13 [INFO]     Resume system hit pre-existing date: 2026-06-19. Stopping crawler.
2026-06-20 09:22:13 [INFO]   NO CHANGE: Index ID 57 is already up-to-date.
2026-06-20 09:22:14 [INFO] [8/17] Processing Index ID: 58 (NEPSE Index)
2026-06-20 09:22:14 [INFO]   Pre-existing dates stored: 225
2026-06-20 09:22:14 [INFO]   Downloading page 0 of history...
2026-06-20 09:22:15 [INFO]     Resume system hit pre-existing date: 2026-06-19. Stopping crawler.
2026-06-20 09:22:15 [INFO]   NO CHANGE: Index ID 58 is already up-to-date.
2026-06-20 09:22:16 [INFO] [9/17] Processing Index ID: 59 (Non Life Insurance)
2026-06-20 09:22:16 [INFO]   Pre-existing dates stored: 225
2026-06-20 09:22:16 [INFO]   Downloading page 0 of history...
2026-06-20 09:22:17 [INFO]     Resume system hit pre-existing date: 2026-06-19. Stopping crawler.
2026-06-20 09:22:17 [INFO]   NO CHANGE: Index ID 59 is already up-to-date.
2026-06-20 09:22:18 [INFO] [10/17] Processing Index ID: 60 (Finance Index)
2026-06-20 09:22:18 [INFO]   Pre-existing dates stored: 225
2026-06-20 09:22:18 [INFO]   Downloading page 0 of history...
2026-06-20 09:22:19 [INFO]     Resume system hit pre-existing date: 2026-06-19. Stopping crawler.
2026-06-20 09:22:19 [INFO]   NO CHANGE: Index ID 60 is already up-to-date.
2026-06-20 09:22:20 [INFO] [11/17] Processing Index ID: 61 (Trading Index)
2026-06-20 09:22:20 [INFO]   Pre-existing dates stored: 225
2026-06-20 09:22:20 [INFO]   Downloading page 0 of history...
2026-06-20 09:22:21 [INFO]     Resume system hit pre-existing date: 2026-06-19. Stopping crawler.
2026-06-20 09:22:21 [INFO]   NO CHANGE: Index ID 61 is already up-to-date.
2026-06-20 09:22:22 [INFO] [12/17] Processing Index ID: 62 (Float Index)
2026-06-20 09:22:22 [INFO]   Pre-existing dates stored: 225
2026-06-20 09:22:22 [INFO]   Downloading page 0 of history...
2026-06-20 09:22:24 [INFO]     Resume system hit pre-existing date: 2026-06-19. Stopping crawler.
2026-06-20 09:22:24 [INFO]   NO CHANGE: Index ID 62 is already up-to-date.
2026-06-20 09:22:25 [INFO] [13/17] Processing Index ID: 63 (Sensitive Float Index)
2026-06-20 09:22:25 [INFO]   Pre-existing dates stored: 225
2026-06-20 09:22:25 [INFO]   Downloading page 0 of history...
2026-06-20 09:22:26 [INFO]     Resume system hit pre-existing date: 2026-06-19. Stopping crawler.
2026-06-20 09:22:26 [INFO]   NO CHANGE: Index ID 63 is already up-to-date.
2026-06-20 09:22:27 [INFO] [14/17] Processing Index ID: 64 (Microfinance Index)
2026-06-20 09:22:27 [INFO]   Pre-existing dates stored: 225
2026-06-20 09:22:27 [INFO]   Downloading page 0 of history...
2026-06-20 09:22:28 [INFO]     Resume system hit pre-existing date: 2026-06-19. Stopping crawler.
2026-06-20 09:22:28 [INFO]   NO CHANGE: Index ID 64 is already up-to-date.
2026-06-20 09:22:29 [INFO] [15/17] Processing Index ID: 65 (Life Insurance)
2026-06-20 09:22:29 [INFO]   Pre-existing dates stored: 225
2026-06-20 09:22:29 [INFO]   Downloading page 0 of history...
2026-06-20 09:22:30 [INFO]     Resume system hit pre-existing date: 2026-06-19. Stopping crawler.
2026-06-20 09:22:30 [INFO]   NO CHANGE: Index ID 65 is already up-to-date.
2026-06-20 09:22:31 [INFO] [16/17] Processing Index ID: 66 (Mutual Fund)
2026-06-20 09:22:31 [INFO]   Pre-existing dates stored: 225
2026-06-20 09:22:31 [INFO]   Downloading page 0 of history...
2026-06-20 09:22:32 [INFO]     Resume system hit pre-existing date: 2026-06-19. Stopping crawler.
2026-06-20 09:22:32 [INFO]   NO CHANGE: Index ID 66 is already up-to-date.
2026-06-20 09:22:33 [INFO] [17/17] Processing Index ID: 67 (Investment Index)
2026-06-20 09:22:33 [INFO]   Pre-existing dates stored: 225
2026-06-20 09:22:33 [INFO]   Downloading page 0 of history...
2026-06-20 09:22:35 [INFO]     Resume system hit pre-existing date: 2026-06-19. Stopping crawler.
2026-06-20 09:22:35 [INFO]   NO CHANGE: Index ID 67 is already up-to-date.
2026-06-20 09:22:35 [INFO] =========================================
2026-06-20 09:22:35 [INFO] NEPSE Indices Sync V1 Completed
2026-06-20 09:22:35 [INFO] =========================================
2026-06-20 09:23:47 [INFO] =========================================
2026-06-20 09:23:47 [INFO] NEPSE Indices Sync V1 Starting
2026-06-20 09:23:47 [INFO] =========================================
2026-06-20 09:23:47 [INFO] Update Frequency: daily
2026-06-20 09:23:47 [INFO] Save Raw JSON: True
2026-06-20 09:23:47 [INFO] Test Mode: DISABLED
2026-06-20 09:23:47 [INFO] -----------------------------------------
2026-06-20 09:23:47 [INFO] Step 1: Harvesting dynamic authorization header...
2026-06-20 09:23:57 [INFO] Authentication token captured successfully.
2026-06-20 09:23:57 [INFO] -----------------------------------------
2026-06-20 09:23:57 [INFO] Step 2: Fetching active index listing...
2026-06-20 09:23:58 [INFO] Saved 17 active indices to master list.
2026-06-20 09:23:58 [INFO] Total active index IDs available: [51, 52, 53, 54, 55, 56, 57, 58, 59, 60, 61, 62, 63, 64, 65, 66, 67]
2026-06-20 09:23:58 [INFO] -----------------------------------------
2026-06-20 09:23:58 [INFO] Step 3: Downloading index history...
2026-06-20 09:23:58 [INFO] [1/17] Processing Index ID: 51 (Banking SubIndex)
2026-06-20 09:23:58 [INFO]   Pre-existing dates stored: 225
2026-06-20 09:23:58 [INFO]   Downloading page 0 of history...
2026-06-20 09:23:59 [INFO]     Resume system hit pre-existing date: 2026-06-19. Stopping crawler.
2026-06-20 09:23:59 [INFO]   NO CHANGE: Index ID 51 is already up-to-date.
2026-06-20 09:24:00 [INFO] [2/17] Processing Index ID: 52 (Hotels And Tourism Index)
2026-06-20 09:24:00 [INFO]   Pre-existing dates stored: 225
2026-06-20 09:24:00 [INFO]   Downloading page 0 of history...
2026-06-20 09:24:01 [INFO]     Resume system hit pre-existing date: 2026-06-19. Stopping crawler.
2026-06-20 09:24:01 [INFO]   NO CHANGE: Index ID 52 is already up-to-date.
2026-06-20 09:24:02 [INFO] [3/17] Processing Index ID: 53 (Others Index)
2026-06-20 09:24:02 [INFO]   Pre-existing dates stored: 225
2026-06-20 09:24:02 [INFO]   Downloading page 0 of history...
2026-06-20 09:24:04 [INFO]     Resume system hit pre-existing date: 2026-06-19. Stopping crawler.
2026-06-20 09:24:04 [INFO]   NO CHANGE: Index ID 53 is already up-to-date.
2026-06-20 09:24:05 [INFO] [4/17] Processing Index ID: 54 (HydroPower Index)
2026-06-20 09:24:05 [INFO]   Pre-existing dates stored: 225
2026-06-20 09:24:05 [INFO]   Downloading page 0 of history...
2026-06-20 09:24:06 [INFO]     Resume system hit pre-existing date: 2026-06-19. Stopping crawler.
2026-06-20 09:24:06 [INFO]   NO CHANGE: Index ID 54 is already up-to-date.
2026-06-20 09:24:07 [INFO] [5/17] Processing Index ID: 55 (Development Bank Index)
2026-06-20 09:24:07 [INFO]   Pre-existing dates stored: 225
2026-06-20 09:24:07 [INFO]   Downloading page 0 of history...
2026-06-20 09:24:08 [INFO]     Resume system hit pre-existing date: 2026-06-19. Stopping crawler.
2026-06-20 09:24:08 [INFO]   NO CHANGE: Index ID 55 is already up-to-date.
2026-06-20 09:24:09 [INFO] [6/17] Processing Index ID: 56 (Manufacturing And Processing)
2026-06-20 09:24:09 [INFO]   Pre-existing dates stored: 225
2026-06-20 09:24:09 [INFO]   Downloading page 0 of history...
2026-06-20 09:24:10 [INFO]     Resume system hit pre-existing date: 2026-06-19. Stopping crawler.
2026-06-20 09:24:10 [INFO]   NO CHANGE: Index ID 56 is already up-to-date.
2026-06-20 09:24:11 [INFO] [7/17] Processing Index ID: 57 (Sensitive Index)
2026-06-20 09:24:11 [INFO]   Pre-existing dates stored: 225
2026-06-20 09:24:11 [INFO]   Downloading page 0 of history...
2026-06-20 09:24:12 [INFO]     Resume system hit pre-existing date: 2026-06-19. Stopping crawler.
2026-06-20 09:24:12 [INFO]   NO CHANGE: Index ID 57 is already up-to-date.
2026-06-20 09:24:13 [INFO] [8/17] Processing Index ID: 58 (NEPSE Index)
2026-06-20 09:24:13 [INFO]   Pre-existing dates stored: 225
2026-06-20 09:24:13 [INFO]   Downloading page 0 of history...
2026-06-20 09:24:14 [INFO]     Resume system hit pre-existing date: 2026-06-19. Stopping crawler.
2026-06-20 09:24:14 [INFO]   NO CHANGE: Index ID 58 is already up-to-date.
2026-06-20 09:24:15 [INFO] [9/17] Processing Index ID: 59 (Non Life Insurance)
2026-06-20 09:24:15 [INFO]   Pre-existing dates stored: 225
2026-06-20 09:24:15 [INFO]   Downloading page 0 of history...
2026-06-20 09:24:17 [INFO]     Resume system hit pre-existing date: 2026-06-19. Stopping crawler.
2026-06-20 09:24:17 [INFO]   NO CHANGE: Index ID 59 is already up-to-date.
2026-06-20 09:24:18 [INFO] [10/17] Processing Index ID: 60 (Finance Index)
2026-06-20 09:24:18 [INFO]   Pre-existing dates stored: 225
2026-06-20 09:24:18 [INFO]   Downloading page 0 of history...
2026-06-20 09:24:20 [INFO]     Resume system hit pre-existing date: 2026-06-19. Stopping crawler.
2026-06-20 09:24:20 [INFO]   NO CHANGE: Index ID 60 is already up-to-date.
2026-06-20 09:24:21 [INFO] [11/17] Processing Index ID: 61 (Trading Index)
2026-06-20 09:24:21 [INFO]   Pre-existing dates stored: 225
2026-06-20 09:24:21 [INFO]   Downloading page 0 of history...
2026-06-20 09:24:23 [INFO]     Resume system hit pre-existing date: 2026-06-19. Stopping crawler.
2026-06-20 09:24:23 [INFO]   NO CHANGE: Index ID 61 is already up-to-date.
2026-06-20 09:24:24 [INFO] [12/17] Processing Index ID: 62 (Float Index)
2026-06-20 09:24:24 [INFO]   Pre-existing dates stored: 225
2026-06-20 09:24:24 [INFO]   Downloading page 0 of history...
2026-06-20 09:24:25 [INFO]     Resume system hit pre-existing date: 2026-06-19. Stopping crawler.
2026-06-20 09:24:25 [INFO]   NO CHANGE: Index ID 62 is already up-to-date.
2026-06-20 09:24:26 [INFO] [13/17] Processing Index ID: 63 (Sensitive Float Index)
2026-06-20 09:24:26 [INFO]   Pre-existing dates stored: 225
2026-06-20 09:24:26 [INFO]   Downloading page 0 of history...
2026-06-20 09:24:28 [INFO]     Resume system hit pre-existing date: 2026-06-19. Stopping crawler.
2026-06-20 09:24:28 [INFO]   NO CHANGE: Index ID 63 is already up-to-date.
2026-06-20 09:24:29 [INFO] [14/17] Processing Index ID: 64 (Microfinance Index)
2026-06-20 09:24:29 [INFO]   Pre-existing dates stored: 225
2026-06-20 09:24:29 [INFO]   Downloading page 0 of history...
2026-06-20 09:24:30 [INFO]     Resume system hit pre-existing date: 2026-06-19. Stopping crawler.
2026-06-20 09:24:30 [INFO]   NO CHANGE: Index ID 64 is already up-to-date.
2026-06-20 09:24:31 [INFO] [15/17] Processing Index ID: 65 (Life Insurance)
2026-06-20 09:24:31 [INFO]   Pre-existing dates stored: 225
2026-06-20 09:24:31 [INFO]   Downloading page 0 of history...
2026-06-20 09:24:32 [INFO]     Resume system hit pre-existing date: 2026-06-19. Stopping crawler.
2026-06-20 09:24:32 [INFO]   NO CHANGE: Index ID 65 is already up-to-date.
2026-06-20 09:24:33 [INFO] [16/17] Processing Index ID: 66 (Mutual Fund)
2026-06-20 09:24:33 [INFO]   Pre-existing dates stored: 225
2026-06-20 09:24:33 [INFO]   Downloading page 0 of history...
2026-06-20 09:24:34 [INFO]     Resume system hit pre-existing date: 2026-06-19. Stopping crawler.
2026-06-20 09:24:34 [INFO]   NO CHANGE: Index ID 66 is already up-to-date.
2026-06-20 09:24:35 [INFO] [17/17] Processing Index ID: 67 (Investment Index)
2026-06-20 09:24:35 [INFO]   Pre-existing dates stored: 225
2026-06-20 09:24:35 [INFO]   Downloading page 0 of history...
2026-06-20 09:24:36 [INFO]     Resume system hit pre-existing date: 2026-06-19. Stopping crawler.
2026-06-20 09:24:36 [INFO]   NO CHANGE: Index ID 67 is already up-to-date.
2026-06-20 09:24:36 [INFO] =========================================
2026-06-20 09:24:36 [INFO] NEPSE Indices Sync V1 Completed
2026-06-20 09:24:36 [INFO] =========================================
